# JRE version: OpenJDK Runtime Environment (11.0.13) (build 11.0.13+0-b1751.21-8125866)
# Java VM: OpenJDK 64-Bit Server VM (11.0.13+0-b1751.21-8125866, mixed mode, tiered, compressed oops, g1 gc, linux-amd64)
Heap:
 garbage-first heap   total 307200K, used 202421K [0x0000000080000000, 0x0000000100000000)
  region size 1024K, 6 young (6144K), 1 survivors (1024K)
 Metaspace       used 136279K, capacity 139461K, committed 139548K, reserved 1171456K
  class space    used 16924K, capacity 18076K, committed 18124K, reserved 1048576K
GC Heap History (20 events):
Event: 45.825 GC heap before
{Heap before GC invocations=21 (full 0):
 garbage-first heap   total 307200K, used 212490K [0x0000000080000000, 0x0000000100000000)
  region size 1024K, 60 young (61440K), 5 survivors (5120K)
 Metaspace       used 113230K, capacity 115934K, committed 116124K, reserved 1150976K
  class space    used 14090K, capacity 15082K, committed 15180K, reserved 1048576K
}
Event: 45.841 GC heap after
{Heap after GC invocations=22 (full 0):
 garbage-first heap   total 307200K, used 160714K [0x0000000080000000, 0x0000000100000000)
  region size 1024K, 8 young (8192K), 8 survivors (8192K)
 Metaspace       used 113230K, capacity 115934K, committed 116124K, reserved 1150976K
  class space    used 14090K, capacity 15082K, committed 15180K, reserved 1048576K
}
Event: 46.268 GC heap before
{Heap before GC invocations=23 (full 0):
 garbage-first heap   total 307200K, used 211914K [0x0000000080000000, 0x0000000100000000)
  region size 1024K, 53 young (54272K), 8 survivors (8192K)
 Metaspace       used 116509K, capacity 119238K, committed 119324K, reserved 1153024K
  class space    used 14518K, capacity 15499K, committed 15564K, reserved 1048576K
}
Event: 46.283 GC heap after
{Heap after GC invocations=24 (full 0):
 garbage-first heap   total 307200K, used 164492K [0x0000000080000000, 0x0000000100000000)
  region size 1024K, 8 young (8192K), 8 survivors (8192K)
 Metaspace       used 116509K, capacity 119238K, committed 119324K, reserved 1153024K
  class space    used 14518K, capacity 15499K, committed 15564K, reserved 1048576K
}
Event: 46.884 GC heap before
{Heap before GC invocations=25 (full 0):
 garbage-first heap   total 307200K, used 242316K [0x0000000080000000, 0x0000000100000000)
  region size 1024K, 83 young (84992K), 8 survivors (8192K)
 Metaspace       used 123076K, capacity 125976K, committed 126108K, reserved 1159168K
  class space    used 15571K, capacity 16609K, committed 16716K, reserved 1048576K
}
Event: 46.900 GC heap after
{Heap after GC invocations=26 (full 0):
 garbage-first heap   total 307200K, used 170027K [0x0000000080000000, 0x0000000100000000)
  region size 1024K, 10 young (10240K), 10 survivors (10240K)
 Metaspace       used 123076K, capacity 125976K, committed 126108K, reserved 1159168K
  class space    used 15571K, capacity 16609K, committed 16716K, reserved 1048576K
}
Event: 47.558 GC heap before
{Heap before GC invocations=26 (full 0):
 garbage-first heap   total 307200K, used 244779K [0x0000000080000000, 0x0000000100000000)
  region size 1024K, 84 young (86016K), 10 survivors (10240K)
 Metaspace       used 130220K, capacity 133173K, committed 133404K, reserved 1165312K
  class space    used 16455K, capacity 17492K, committed 17612K, reserved 1048576K
}
Event: 47.583 GC heap after
{Heap after GC invocations=27 (full 0):
 garbage-first heap   total 307200K, used 176880K [0x0000000080000000, 0x0000000100000000)
  region size 1024K, 11 young (11264K), 11 survivors (11264K)
 Metaspace       used 130220K, capacity 133173K, committed 133404K, reserved 1165312K
  class space    used 16455K, capacity 17492K, committed 17612K, reserved 1048576K
}
Event: 48.245 GC heap before
{Heap before GC invocations=28 (full 0):
 garbage-first heap   total 307200K, used 248560K [0x0000000080000000, 0x0000000100000000)
  region size 1024K, 82 young (83968K), 11 survivors (11264K)
 Metaspace       used 131068K, capacity 134154K, committed 134300K, reserved 1165312K
  class space    used 16561K, capacity 17654K, committed 17740K, reserved 1048576K
}
Event: 48.270 GC heap after
{Heap after GC invocations=29 (full 0):
 garbage-first heap   total 307200K, used 184192K [0x0000000080000000, 0x0000000100000000)
  region size 1024K, 7 young (7168K), 7 survivors (7168K)
 Metaspace       used 131068K, capacity 134154K, committed 134300K, reserved 1165312K
  class space    used 16561K, capacity 17654K, committed 17740K, reserved 1048576K
}
Event: 48.752 GC heap before
{Heap before GC invocations=29 (full 0):
 garbage-first heap   total 307200K, used 252800K [0x0000000080000000, 0x0000000100000000)
  region size 1024K, 75 young (76800K), 7 survivors (7168K)
 Metaspace       used 131408K, capacity 134425K, committed 134556K, reserved 1167360K
  class space    used 16584K, capacity 17701K, committed 17740K, reserved 1048576K
}
Event: 48.782 GC heap after
{Heap after GC invocations=30 (full 0):
 garbage-first heap   total 307200K, used 188416K [0x0000000080000000, 0x0000000100000000)
  region size 1024K, 5 young (5120K), 5 survivors (5120K)
 Metaspace       used 131408K, capacity 134425K, committed 134556K, reserved 1167360K
  class space    used 16584K, capacity 17701K, committed 17740K, reserved 1048576K
}
Event: 49.348 GC heap before
{Heap before GC invocations=31 (full 0):
 garbage-first heap   total 307200K, used 256000K [0x0000000080000000, 0x0000000100000000)
  region size 1024K, 72 young (73728K), 5 survivors (5120K)
 Metaspace       used 133897K, capacity 136978K, committed 137116K, reserved 1169408K
  class space    used 16793K, capacity 17910K, committed 17996K, reserved 1048576K
}
Event: 49.362 GC heap after
{Heap after GC invocations=32 (full 0):
 garbage-first heap   total 307200K, used 192841K [0x0000000080000000, 0x0000000100000000)
  region size 1024K, 4 young (4096K), 4 survivors (4096K)
 Metaspace       used 133897K, capacity 136978K, committed 137116K, reserved 1169408K
  class space    used 16793K, capacity 17910K, committed 17996K, reserved 1048576K
}
Event: 87.679 GC heap before
{Heap before GC invocations=32 (full 0):
 garbage-first heap   total 307200K, used 258377K [0x0000000080000000, 0x0000000100000000)
  region size 1024K, 69 young (70656K), 4 survivors (4096K)
 Metaspace       used 135766K, capacity 138882K, committed 139036K, reserved 1171456K
  class space    used 16900K, capacity 18033K, committed 18124K, reserved 1048576K
}
Event: 87.707 GC heap after
{Heap after GC invocations=33 (full 0):
 garbage-first heap   total 307200K, used 199464K [0x0000000080000000, 0x0000000100000000)
  region size 1024K, 9 young (9216K), 9 survivors (9216K)
 Metaspace       used 135766K, capacity 138882K, committed 139036K, reserved 1171456K
  class space    used 16900K, capacity 18033K, committed 18124K, reserved 1048576K
}
Event: 144.903 GC heap before
{Heap before GC invocations=34 (full 0):
 garbage-first heap   total 307200K, used 259880K [0x0000000080000000, 0x0000000100000000)
  region size 1024K, 69 young (70656K), 9 survivors (9216K)
 Metaspace       used 136155K, capacity 139323K, committed 139548K, reserved 1171456K
  class space    used 16923K, capacity 18075K, committed 18124K, reserved 1048576K
}
Event: 144.937 GC heap after
{Heap after GC invocations=35 (full 0):
 garbage-first heap   total 307200K, used 205886K [0x0000000080000000, 0x0000000100000000)
  region size 1024K, 7 young (7168K), 7 survivors (7168K)
 Metaspace       used 136155K, capacity 139323K, committed 139548K, reserved 1171456K
  class space    used 16923K, capacity 18075K, committed 18124K, reserved 1048576K
}
Event: 201.312 GC heap before
{Heap before GC invocations=35 (full 0):
 garbage-first heap   total 307200K, used 214078K [0x0000000080000000, 0x0000000100000000)
  region size 1024K, 15 young (15360K), 7 survivors (7168K)
 Metaspace       used 136216K, capacity 139459K, committed 139548K, reserved 1171456K
  class space    used 16924K, capacity 18076K, committed 18124K, reserved 1048576K
}
Event: 201.333 GC heap after
{Heap after GC invocations=36 (full 0):
 garbage-first heap   total 307200K, used 199349K [0x0000000080000000, 0x0000000100000000)
  region size 1024K, 1 young (1024K), 1 survivors (1024K)
 Metaspace       used 136216K, capacity 139459K, committed 139548K, reserved 1171456K
  class space    used 16924K, capacity 18076K, committed 18124K, reserved 1048576K
}

